Build started 6/9/2015 6:08:45 PM.
     1>Project "C:\Users\canpy_000\Documents\GitHub\teamx\teamx\teamx.vcxproj" on node 2 (Build target(s)).
     1>ClCompile:
         C:\Program Files (x86)\Microsoft Visual Studio 12.0\VC\bin\CL.exe /c /ZI /nologo /W3 /WX- /Od /Oy- /D WIN32 /D _DEBUG /D _CONSOLE /D _LIB /D _UNICODE /D UNICODE /Gm /EHsc /RTC1 /MDd /GS /fp:precise /Zc:wchar_t /Zc:forScope /Fo"Debug\\" /Fd"Debug\vc120.pdb" /Gd /TP /analyze- /errorReport:prompt EmergencyRoom.cpp
         EmergencyRoom.cpp
     1>c:\users\canpy_000\documents\github\teamx\teamx\arraymaxheap.h(57): warning C4290: C++ exception specification ignored except to indicate a function is not __declspec(nothrow)
                 c:\users\canpy_000\documents\github\teamx\teamx\arraymaxheap.h(61) : see reference to class template instantiation 'ArrayMaxHeap<ItemType>' being compiled
     1>c:\users\canpy_000\documents\github\teamx\teamx\arraymaxheap.cpp(136): warning C4290: C++ exception specification ignored except to indicate a function is not __declspec(nothrow)
     1>c:\users\canpy_000\documents\github\teamx\teamx\heap_priorityqueue.h(22): warning C4290: C++ exception specification ignored except to indicate a function is not __declspec(nothrow)
                 c:\users\canpy_000\documents\github\teamx\teamx\heap_priorityqueue.h(23) : see reference to class template instantiation 'Heap_PriorityQueue<ItemType>' being compiled
     1>c:\users\canpy_000\documents\github\teamx\teamx\heap_priorityqueue.cpp(35): warning C4290: C++ exception specification ignored except to indicate a function is not __declspec(nothrow)
     1>c:\users\canpy_000\documents\github\teamx\teamx\arraymaxheap.cpp(132): warning C4244: 'return' : conversion from 'double' to 'int', possible loss of data
                 c:\users\canpy_000\documents\github\teamx\teamx\arraymaxheap.cpp(130) : while compiling class template member function 'int ArrayMaxHeap<ItemType>::getHeight(void) const'
                 with
                 [
                     ItemType=Events
                 ]
                 c:\users\canpy_000\documents\github\teamx\teamx\heap_priorityqueue.h(14) : see reference to class template instantiation 'ArrayMaxHeap<ItemType>' being compiled
                 with
                 [
                     ItemType=Events
                 ]
                 c:\users\canpy_000\documents\github\teamx\teamx\emergencyroom.h(21) : see reference to class template instantiation 'Heap_PriorityQueue<Events>' being compiled
       Link:
         C:\Program Files (x86)\Microsoft Visual Studio 12.0\VC\bin\link.exe /ERRORREPORT:PROMPT /OUT:"C:\Users\canpy_000\Documents\GitHub\teamx\Debug\teamx.exe" /INCREMENTAL /NOLOGO kernel32.lib user32.lib gdi32.lib winspool.lib comdlg32.lib advapi32.lib shell32.lib ole32.lib oleaut32.lib uuid.lib odbc32.lib odbccp32.lib /MANIFEST /MANIFESTUAC:"level='asInvoker' uiAccess='false'" /manifest:embed /DEBUG /PDB:"C:\Users\canpy_000\Documents\GitHub\teamx\Debug\teamx.pdb" /SUBSYSTEM:CONSOLE /TLBID:1 /DYNAMICBASE /NXCOMPAT /IMPLIB:"C:\Users\canpy_000\Documents\GitHub\teamx\Debug\teamx.lib" /MACHINE:X86 Debug\EmergencyRoom.obj
         Debug\Events.obj
         Debug\main.obj
         Debug\OperatingRoom.obj
         Debug\Patient.obj
         Debug\PrecondViolatedExcep.obj
         teamx.vcxproj -> C:\Users\canpy_000\Documents\GitHub\teamx\Debug\teamx.exe
     1>Done Building Project "C:\Users\canpy_000\Documents\GitHub\teamx\teamx\teamx.vcxproj" (Build target(s)).

Build succeeded.

Time Elapsed 00:00:00.85
